2024-12-20T09:57:55.503+05:30  INFO 21516 --- [basicproject] [restartedMain] c.t.b.BasicprojectApplication            : Starting BasicprojectApplication using Java 21.0.4 with PID 21516 (C:\Users\tilak\Downloads\basicproject\basicproject\target\classes started by tilak in C:\Users\tilak\Downloads\basicproject)
2024-12-20T09:57:55.505+05:30  INFO 21516 --- [basicproject] [restartedMain] c.t.b.BasicprojectApplication            : No active profile set, falling back to 1 default profile: "default"
2024-12-20T09:57:55.542+05:30  INFO 21516 --- [basicproject] [restartedMain] .e.DevToolsPropertyDefaultsPostProcessor : Devtools property defaults active! Set 'spring.devtools.add-properties' to 'false' to disable
2024-12-20T09:57:55.542+05:30  INFO 21516 --- [basicproject] [restartedMain] .e.DevToolsPropertyDefaultsPostProcessor : For additional web related logging consider setting the 'logging.level.web' property to 'DEBUG'
2024-12-20T09:57:56.100+05:30  INFO 21516 --- [basicproject] [restartedMain] .s.d.r.c.RepositoryConfigurationDelegate : Bootstrapping Spring Data JPA repositories in DEFAULT mode.
2024-12-20T09:57:56.150+05:30  INFO 21516 --- [basicproject] [restartedMain] .s.d.r.c.RepositoryConfigurationDelegate : Finished Spring Data repository scanning in 43 ms. Found 1 JPA repository interface.
2024-12-20T09:57:56.644+05:30  INFO 21516 --- [basicproject] [restartedMain] o.s.b.w.embedded.tomcat.TomcatWebServer  : Tomcat initialized with port 8080 (http)
2024-12-20T09:57:56.659+05:30  INFO 21516 --- [basicproject] [restartedMain] o.apache.catalina.core.StandardService   : Starting service [Tomcat]
2024-12-20T09:57:56.659+05:30  INFO 21516 --- [basicproject] [restartedMain] o.apache.catalina.core.StandardEngine    : Starting Servlet engine: [Apache Tomcat/10.1.34]
2024-12-20T09:57:56.701+05:30  INFO 21516 --- [basicproject] [restartedMain] o.a.c.c.C.[Tomcat].[localhost].[/]       : Initializing Spring embedded WebApplicationContext
2024-12-20T09:57:56.702+05:30  INFO 21516 --- [basicproject] [restartedMain] w.s.c.ServletWebServerApplicationContext : Root WebApplicationContext: initialization completed in 1158 ms
2024-12-20T09:57:56.885+05:30  INFO 21516 --- [basicproject] [restartedMain] o.hibernate.jpa.internal.util.LogHelper  : HHH000204: Processing PersistenceUnitInfo [name: default]
2024-12-20T09:57:56.931+05:30  INFO 21516 --- [basicproject] [restartedMain] org.hibernate.Version                    : HHH000412: Hibernate ORM core version 6.6.4.Final
2024-12-20T09:57:56.952+05:30  INFO 21516 --- [basicproject] [restartedMain] o.h.c.internal.RegionFactoryInitiator    : HHH000026: Second-level cache disabled
2024-12-20T09:57:57.161+05:30  INFO 21516 --- [basicproject] [restartedMain] o.s.o.j.p.SpringPersistenceUnitInfo      : No LoadTimeWeaver setup: ignoring JPA class transformer
2024-12-20T09:57:57.179+05:30  INFO 21516 --- [basicproject] [restartedMain] com.zaxxer.hikari.HikariDataSource       : HikariPool-1 - Starting...
2024-12-20T09:57:57.432+05:30  INFO 21516 --- [basicproject] [restartedMain] com.zaxxer.hikari.pool.HikariPool        : HikariPool-1 - Added connection com.mysql.cj.jdbc.ConnectionImpl@145bf8f9
2024-12-20T09:57:57.434+05:30  INFO 21516 --- [basicproject] [restartedMain] com.zaxxer.hikari.HikariDataSource       : HikariPool-1 - Start completed.
2024-12-20T09:57:57.493+05:30  INFO 21516 --- [basicproject] [restartedMain] org.hibernate.orm.connections.pooling    : HHH10001005: Database info:
	Database JDBC URL [Connecting through datasource 'HikariDataSource (HikariPool-1)']
	Database driver: undefined/unknown
	Database version: 8.0.40
	Autocommit mode: undefined/unknown
	Isolation level: undefined/unknown
	Minimum pool size: undefined/unknown
	Maximum pool size: undefined/unknown
2024-12-20T09:57:58.023+05:30  INFO 21516 --- [basicproject] [restartedMain] o.h.e.t.j.p.i.JtaPlatformInitiator       : HHH000489: No JTA platform available (set 'hibernate.transaction.jta.platform' to enable JTA platform integration)
2024-12-20T09:57:58.056+05:30  INFO 21516 --- [basicproject] [restartedMain] j.LocalContainerEntityManagerFactoryBean : Initialized JPA EntityManagerFactory for persistence unit 'default'
2024-12-20T09:57:58.339+05:30  WARN 21516 --- [basicproject] [restartedMain] JpaBaseConfiguration$JpaWebConfiguration : spring.jpa.open-in-view is enabled by default. Therefore, database queries may be performed during view rendering. Explicitly configure spring.jpa.open-in-view to disable this warning
2024-12-20T09:57:58.700+05:30  INFO 21516 --- [basicproject] [restartedMain] o.s.b.d.a.OptionalLiveReloadServer       : LiveReload server is running on port 35729
2024-12-20T09:57:58.722+05:30  INFO 21516 --- [basicproject] [restartedMain] o.s.b.w.embedded.tomcat.TomcatWebServer  : Tomcat started on port 8080 (http) with context path '/'
2024-12-20T09:57:58.730+05:30  INFO 21516 --- [basicproject] [restartedMain] c.t.b.BasicprojectApplication            : Started BasicprojectApplication in 3.573 seconds (process running for 3.921)
2024-12-20T09:58:53.142+05:30  INFO 21516 --- [basicproject] [http-nio-8080-exec-1] o.a.c.c.C.[Tomcat].[localhost].[/]       : Initializing Spring DispatcherServlet 'dispatcherServlet'
2024-12-20T09:58:53.143+05:30  INFO 21516 --- [basicproject] [http-nio-8080-exec-1] o.s.web.servlet.DispatcherServlet        : Initializing Servlet 'dispatcherServlet'
2024-12-20T09:58:53.144+05:30  INFO 21516 --- [basicproject] [http-nio-8080-exec-1] o.s.web.servlet.DispatcherServlet        : Completed initialization in 1 ms
2024-12-20T09:58:53.165+05:30  INFO 21516 --- [basicproject] [http-nio-8080-exec-1] c.t.b.services.EmployeeService           : All Employees are retrived from database
2024-12-20T09:59:06.735+05:30  INFO 21516 --- [basicproject] [SpringApplicationShutdownHook] o.s.b.w.e.tomcat.GracefulShutdown        : Commencing graceful shutdown. Waiting for active requests to complete
2024-12-20T09:59:06.746+05:30  INFO 21516 --- [basicproject] [tomcat-shutdown] o.s.b.w.e.tomcat.GracefulShutdown        : Graceful shutdown complete
2024-12-20T09:59:06.748+05:30  INFO 21516 --- [basicproject] [SpringApplicationShutdownHook] j.LocalContainerEntityManagerFactoryBean : Closing JPA EntityManagerFactory for persistence unit 'default'
2024-12-20T09:59:06.751+05:30  INFO 21516 --- [basicproject] [SpringApplicationShutdownHook] com.zaxxer.hikari.HikariDataSource       : HikariPool-1 - Shutdown initiated...
2024-12-20T09:59:06.755+05:30  INFO 21516 --- [basicproject] [SpringApplicationShutdownHook] com.zaxxer.hikari.HikariDataSource       : HikariPool-1 - Shutdown completed.
2024-12-20T09:59:08.246+05:30  INFO 18004 --- [basicproject] [restartedMain] c.t.b.BasicprojectApplication            : Starting BasicprojectApplication using Java 21.0.4 with PID 18004 (C:\Users\tilak\Downloads\basicproject\basicproject\target\classes started by tilak in C:\Users\tilak\Downloads\basicproject)
2024-12-20T09:59:08.249+05:30  INFO 18004 --- [basicproject] [restartedMain] c.t.b.BasicprojectApplication            : No active profile set, falling back to 1 default profile: "default"
2024-12-20T09:59:08.295+05:30  INFO 18004 --- [basicproject] [restartedMain] .e.DevToolsPropertyDefaultsPostProcessor : Devtools property defaults active! Set 'spring.devtools.add-properties' to 'false' to disable
2024-12-20T09:59:08.295+05:30  INFO 18004 --- [basicproject] [restartedMain] .e.DevToolsPropertyDefaultsPostProcessor : For additional web related logging consider setting the 'logging.level.web' property to 'DEBUG'
2024-12-20T09:59:08.840+05:30  INFO 18004 --- [basicproject] [restartedMain] .s.d.r.c.RepositoryConfigurationDelegate : Bootstrapping Spring Data JPA repositories in DEFAULT mode.
2024-12-20T09:59:08.888+05:30  INFO 18004 --- [basicproject] [restartedMain] .s.d.r.c.RepositoryConfigurationDelegate : Finished Spring Data repository scanning in 40 ms. Found 1 JPA repository interface.
2024-12-20T09:59:09.387+05:30  INFO 18004 --- [basicproject] [restartedMain] o.s.b.w.embedded.tomcat.TomcatWebServer  : Tomcat initialized with port 8080 (http)
2024-12-20T09:59:09.408+05:30  INFO 18004 --- [basicproject] [restartedMain] o.apache.catalina.core.StandardService   : Starting service [Tomcat]
2024-12-20T09:59:09.408+05:30  INFO 18004 --- [basicproject] [restartedMain] o.apache.catalina.core.StandardEngine    : Starting Servlet engine: [Apache Tomcat/10.1.34]
2024-12-20T09:59:09.445+05:30  INFO 18004 --- [basicproject] [restartedMain] o.a.c.c.C.[Tomcat].[localhost].[/]       : Initializing Spring embedded WebApplicationContext
2024-12-20T09:59:09.445+05:30  INFO 18004 --- [basicproject] [restartedMain] w.s.c.ServletWebServerApplicationContext : Root WebApplicationContext: initialization completed in 1149 ms
2024-12-20T09:59:09.595+05:30  INFO 18004 --- [basicproject] [restartedMain] o.hibernate.jpa.internal.util.LogHelper  : HHH000204: Processing PersistenceUnitInfo [name: default]
2024-12-20T09:59:09.641+05:30  INFO 18004 --- [basicproject] [restartedMain] org.hibernate.Version                    : HHH000412: Hibernate ORM core version 6.6.4.Final
2024-12-20T09:59:09.669+05:30  INFO 18004 --- [basicproject] [restartedMain] o.h.c.internal.RegionFactoryInitiator    : HHH000026: Second-level cache disabled
2024-12-20T09:59:09.893+05:30  INFO 18004 --- [basicproject] [restartedMain] o.s.o.j.p.SpringPersistenceUnitInfo      : No LoadTimeWeaver setup: ignoring JPA class transformer
2024-12-20T09:59:09.915+05:30  INFO 18004 --- [basicproject] [restartedMain] com.zaxxer.hikari.HikariDataSource       : HikariPool-1 - Starting...
2024-12-20T09:59:10.164+05:30  INFO 18004 --- [basicproject] [restartedMain] com.zaxxer.hikari.pool.HikariPool        : HikariPool-1 - Added connection com.mysql.cj.jdbc.ConnectionImpl@5ee7646e
2024-12-20T09:59:10.166+05:30  INFO 18004 --- [basicproject] [restartedMain] com.zaxxer.hikari.HikariDataSource       : HikariPool-1 - Start completed.
2024-12-20T09:59:10.222+05:30  INFO 18004 --- [basicproject] [restartedMain] org.hibernate.orm.connections.pooling    : HHH10001005: Database info:
	Database JDBC URL [Connecting through datasource 'HikariDataSource (HikariPool-1)']
	Database driver: undefined/unknown
	Database version: 8.0.40
	Autocommit mode: undefined/unknown
	Isolation level: undefined/unknown
	Minimum pool size: undefined/unknown
	Maximum pool size: undefined/unknown
2024-12-20T09:59:10.776+05:30  INFO 18004 --- [basicproject] [restartedMain] o.h.e.t.j.p.i.JtaPlatformInitiator       : HHH000489: No JTA platform available (set 'hibernate.transaction.jta.platform' to enable JTA platform integration)
2024-12-20T09:59:10.803+05:30  INFO 18004 --- [basicproject] [restartedMain] j.LocalContainerEntityManagerFactoryBean : Initialized JPA EntityManagerFactory for persistence unit 'default'
2024-12-20T09:59:11.073+05:30  WARN 18004 --- [basicproject] [restartedMain] JpaBaseConfiguration$JpaWebConfiguration : spring.jpa.open-in-view is enabled by default. Therefore, database queries may be performed during view rendering. Explicitly configure spring.jpa.open-in-view to disable this warning
2024-12-20T09:59:11.453+05:30  INFO 18004 --- [basicproject] [restartedMain] o.s.b.d.a.OptionalLiveReloadServer       : LiveReload server is running on port 35729
2024-12-20T09:59:11.499+05:30  INFO 18004 --- [basicproject] [restartedMain] o.s.b.w.embedded.tomcat.TomcatWebServer  : Tomcat started on port 8080 (http) with context path '/'
2024-12-20T09:59:11.510+05:30  INFO 18004 --- [basicproject] [restartedMain] c.t.b.BasicprojectApplication            : Started BasicprojectApplication in 3.627 seconds (process running for 3.977)
2024-12-20T09:59:37.588+05:30  INFO 18004 --- [basicproject] [SpringApplicationShutdownHook] o.s.b.w.e.tomcat.GracefulShutdown        : Commencing graceful shutdown. Waiting for active requests to complete
2024-12-20T09:59:37.591+05:30  INFO 18004 --- [basicproject] [tomcat-shutdown] o.s.b.w.e.tomcat.GracefulShutdown        : Graceful shutdown complete
2024-12-20T09:59:37.593+05:30  INFO 18004 --- [basicproject] [SpringApplicationShutdownHook] j.LocalContainerEntityManagerFactoryBean : Closing JPA EntityManagerFactory for persistence unit 'default'
2024-12-20T09:59:37.595+05:30  INFO 18004 --- [basicproject] [SpringApplicationShutdownHook] com.zaxxer.hikari.HikariDataSource       : HikariPool-1 - Shutdown initiated...
2024-12-20T09:59:37.600+05:30  INFO 18004 --- [basicproject] [SpringApplicationShutdownHook] com.zaxxer.hikari.HikariDataSource       : HikariPool-1 - Shutdown completed.
2024-12-20T09:59:59.460+05:30  INFO 16760 --- [basicproject] [restartedMain] c.t.b.BasicprojectApplication            : Starting BasicprojectApplication using Java 21.0.4 with PID 16760 (C:\Users\tilak\Downloads\basicproject\basicproject\target\classes started by tilak in C:\Users\tilak\Downloads\basicproject)
2024-12-20T09:59:59.462+05:30  INFO 16760 --- [basicproject] [restartedMain] c.t.b.BasicprojectApplication            : No active profile set, falling back to 1 default profile: "default"
2024-12-20T09:59:59.499+05:30  INFO 16760 --- [basicproject] [restartedMain] .e.DevToolsPropertyDefaultsPostProcessor : Devtools property defaults active! Set 'spring.devtools.add-properties' to 'false' to disable
2024-12-20T09:59:59.499+05:30  INFO 16760 --- [basicproject] [restartedMain] .e.DevToolsPropertyDefaultsPostProcessor : For additional web related logging consider setting the 'logging.level.web' property to 'DEBUG'
2024-12-20T10:00:00.030+05:30  INFO 16760 --- [basicproject] [restartedMain] .s.d.r.c.RepositoryConfigurationDelegate : Bootstrapping Spring Data JPA repositories in DEFAULT mode.
2024-12-20T10:00:00.073+05:30  INFO 16760 --- [basicproject] [restartedMain] .s.d.r.c.RepositoryConfigurationDelegate : Finished Spring Data repository scanning in 36 ms. Found 1 JPA repository interface.
2024-12-20T10:00:00.550+05:30  INFO 16760 --- [basicproject] [restartedMain] o.s.b.w.embedded.tomcat.TomcatWebServer  : Tomcat initialized with port 8080 (http)
2024-12-20T10:00:00.563+05:30  INFO 16760 --- [basicproject] [restartedMain] o.apache.catalina.core.StandardService   : Starting service [Tomcat]
2024-12-20T10:00:00.563+05:30  INFO 16760 --- [basicproject] [restartedMain] o.apache.catalina.core.StandardEngine    : Starting Servlet engine: [Apache Tomcat/10.1.34]
2024-12-20T10:00:00.593+05:30  INFO 16760 --- [basicproject] [restartedMain] o.a.c.c.C.[Tomcat].[localhost].[/]       : Initializing Spring embedded WebApplicationContext
2024-12-20T10:00:00.593+05:30  INFO 16760 --- [basicproject] [restartedMain] w.s.c.ServletWebServerApplicationContext : Root WebApplicationContext: initialization completed in 1094 ms
2024-12-20T10:00:00.724+05:30  INFO 16760 --- [basicproject] [restartedMain] o.hibernate.jpa.internal.util.LogHelper  : HHH000204: Processing PersistenceUnitInfo [name: default]
2024-12-20T10:00:00.768+05:30  INFO 16760 --- [basicproject] [restartedMain] org.hibernate.Version                    : HHH000412: Hibernate ORM core version 6.6.4.Final
2024-12-20T10:00:00.791+05:30  INFO 16760 --- [basicproject] [restartedMain] o.h.c.internal.RegionFactoryInitiator    : HHH000026: Second-level cache disabled
2024-12-20T10:00:00.989+05:30  INFO 16760 --- [basicproject] [restartedMain] o.s.o.j.p.SpringPersistenceUnitInfo      : No LoadTimeWeaver setup: ignoring JPA class transformer
2024-12-20T10:00:01.008+05:30  INFO 16760 --- [basicproject] [restartedMain] com.zaxxer.hikari.HikariDataSource       : HikariPool-1 - Starting...
2024-12-20T10:00:01.259+05:30  INFO 16760 --- [basicproject] [restartedMain] com.zaxxer.hikari.pool.HikariPool        : HikariPool-1 - Added connection com.mysql.cj.jdbc.ConnectionImpl@6606712a
2024-12-20T10:00:01.261+05:30  INFO 16760 --- [basicproject] [restartedMain] com.zaxxer.hikari.HikariDataSource       : HikariPool-1 - Start completed.
2024-12-20T10:00:01.320+05:30  INFO 16760 --- [basicproject] [restartedMain] org.hibernate.orm.connections.pooling    : HHH10001005: Database info:
	Database JDBC URL [Connecting through datasource 'HikariDataSource (HikariPool-1)']
	Database driver: undefined/unknown
	Database version: 8.0.40
	Autocommit mode: undefined/unknown
	Isolation level: undefined/unknown
	Minimum pool size: undefined/unknown
	Maximum pool size: undefined/unknown
2024-12-20T10:00:01.915+05:30  INFO 16760 --- [basicproject] [restartedMain] o.h.e.t.j.p.i.JtaPlatformInitiator       : HHH000489: No JTA platform available (set 'hibernate.transaction.jta.platform' to enable JTA platform integration)
2024-12-20T10:00:01.944+05:30  INFO 16760 --- [basicproject] [restartedMain] j.LocalContainerEntityManagerFactoryBean : Initialized JPA EntityManagerFactory for persistence unit 'default'
2024-12-20T10:00:02.198+05:30  WARN 16760 --- [basicproject] [restartedMain] JpaBaseConfiguration$JpaWebConfiguration : spring.jpa.open-in-view is enabled by default. Therefore, database queries may be performed during view rendering. Explicitly configure spring.jpa.open-in-view to disable this warning
2024-12-20T10:00:02.570+05:30  INFO 16760 --- [basicproject] [restartedMain] o.s.b.d.a.OptionalLiveReloadServer       : LiveReload server is running on port 35729
2024-12-20T10:00:02.600+05:30  INFO 16760 --- [basicproject] [restartedMain] o.s.b.w.embedded.tomcat.TomcatWebServer  : Tomcat started on port 8080 (http) with context path '/'
2024-12-20T10:00:02.608+05:30  INFO 16760 --- [basicproject] [restartedMain] c.t.b.BasicprojectApplication            : Started BasicprojectApplication in 3.498 seconds (process running for 3.842)
